<?xml version="1.0" encoding="UTF-8"?>
<testng-results ignored="0" total="2" passed="2" failed="0" skipped="0">
  <reporter-output>
  </reporter-output>
  <suite started-at="2026-09-20T21:39:43 IST" name="Default suite" finished-at="2026-09-20T21:39:43 IST" duration-ms="630">
    <groups>
      <group name="cucumber">
        <method signature="AbstractTestNGCucumberTests.runScenario(io.cucumber.testng.PickleWrapper,io.cucumber.testng.FeatureWrapper)[pri:0, instance:testRunner.APIRunner@53aad5d5]" name="runScenario" class="io.cucumber.testng.AbstractTestNGCucumberTests"/>
      </group> <!-- cucumber -->
    </groups>
    <test started-at="2026-09-20T21:39:43 IST" name="Default test" finished-at="2026-09-20T21:39:43 IST" duration-ms="630">
      <class name="testRunner.APIRunner">
        <test-method is-config="true" signature="setupAPI()[pri:0, instance:testRunner.APIRunner@53aad5d5]" started-at="2026-09-20T21:39:42 IST" name="setupAPI" finished-at="2026-09-20T21:39:43 IST" duration-ms="136" status="PASS">
          <reporter-output>
          </reporter-output>
        </test-method> <!-- setupAPI -->
        <test-method is-config="true" signature="setUpClass(org.testng.ITestContext)[pri:0, instance:testRunner.APIRunner@53aad5d5]" started-at="2026-09-20T21:39:43 IST" name="setUpClass" finished-at="2026-09-20T21:39:43 IST" duration-ms="100" status="PASS">
          <params>
            <param index="0">
              <value>
                <![CDATA[org.testng.TestRunner@5be7b749]]>
              </value>
            </param>
          </params>
          <reporter-output>
          </reporter-output>
        </test-method> <!-- setUpClass -->
        <test-method signature="runScenario(io.cucumber.testng.PickleWrapper,io.cucumber.testng.FeatureWrapper)[pri:0, instance:testRunner.APIRunner@53aad5d5]" started-at="2026-09-20T21:39:43 IST" name="runScenario" description="Runs Cucumber Scenarios" data-provider="scenarios" finished-at="2026-09-20T21:39:43 IST" duration-ms="429" status="PASS">
          <params>
            <param index="0">
              <value>
                <![CDATA["Verify POST Companies API"]]>
              </value>
            </param>
            <param index="1">
              <value>
                <![CDATA["Companies API"]]>
              </value>
            </param>
          </params>
          <reporter-output>
          </reporter-output>
        </test-method> <!-- runScenario -->
        <test-method signature="runScenario(io.cucumber.testng.PickleWrapper,io.cucumber.testng.FeatureWrapper)[pri:0, instance:testRunner.APIRunner@53aad5d5]" started-at="2026-09-20T21:39:43 IST" name="runScenario" description="Runs Cucumber Scenarios" data-provider="scenarios" finished-at="2026-09-20T21:39:43 IST" duration-ms="13" status="PASS">
          <params>
            <param index="0">
              <value>
                <![CDATA["Verify GET Companies API"]]>
              </value>
            </param>
            <param index="1">
              <value>
                <![CDATA["Companies API"]]>
              </value>
            </param>
          </params>
          <reporter-output>
          </reporter-output>
        </test-method> <!-- runScenario -->
        <test-method is-config="true" signature="tearDownClass()[pri:0, instance:testRunner.APIRunner@53aad5d5]" started-at="2026-09-20T21:39:43 IST" name="tearDownClass" finished-at="2026-09-20T21:39:43 IST" duration-ms="78" status="PASS">
          <reporter-output>
          </reporter-output>
        </test-method> <!-- tearDownClass -->
      </class> <!-- testRunner.APIRunner -->
    </test> <!-- Default test -->
  </suite> <!-- Default suite -->
</testng-results>
