<?xml version="1.0" encoding="UTF-8"?>
<!-- Generated by org.testng.reporters.JUnitReportReporter -->
<testsuite hostname="Sudips-MacBook-Air.local" failures="2" tests="2" name="testRunner.APIRunner" time="0.442" errors="0" timestamp="2026-09-24T17:16:10 IST" skipped="0">
  <testcase classname="testRunner.APIRunner" name="runScenario" time="0.018">
    <failure message="expected [200] but found [100]" type="java.lang.AssertionError">
      <![CDATA[java.lang.AssertionError: expected [200] but found [100]
at org.testng.Assert.fail(Assert.java:111)
at org.testng.Assert.failNotEquals(Assert.java:1578)
at org.testng.Assert.assertEqualsImpl(Assert.java:150)
at org.testng.Assert.assertEquals(Assert.java:132)
at org.testng.Assert.assertEquals(Assert.java:1419)
at org.testng.Assert.assertEquals(Assert.java:1383)
at org.testng.Assert.assertEquals(Assert.java:1429)
at stepDefinition.CompaniesStepDefinition.response_status_code_should_be(CompaniesStepDefinition.java:69)
at ✽.Response status code should be 200(file:///Users/sudipdilipchothe/eclipse-workspace/Web-API-Automation/src/test/resources/featureFiles/API_Automation.feature:13)
]]>
    </failure>
  </testcase> <!-- runScenario -->
  <testcase classname="testRunner.APIRunner" name="runScenario" time="0.424">
    <failure message="expected [200] but found [100]" type="java.lang.AssertionError">
      <![CDATA[java.lang.AssertionError: expected [200] but found [100]
at org.testng.Assert.fail(Assert.java:111)
at org.testng.Assert.failNotEquals(Assert.java:1578)
at org.testng.Assert.assertEqualsImpl(Assert.java:150)
at org.testng.Assert.assertEquals(Assert.java:132)
at org.testng.Assert.assertEquals(Assert.java:1419)
at org.testng.Assert.assertEquals(Assert.java:1383)
at org.testng.Assert.assertEquals(Assert.java:1429)
at stepDefinition.CompaniesStepDefinition.response_status_code_should_be(CompaniesStepDefinition.java:69)
at ✽.Response status code should be 201(file:///Users/sudipdilipchothe/eclipse-workspace/Web-API-Automation/src/test/resources/featureFiles/API_Automation.feature:7)
]]>
    </failure>
  </testcase> <!-- runScenario -->
</testsuite> <!-- testRunner.APIRunner -->
